android/capacitor-cordova-android-plugins/build/intermediates/manifest_merge_blame_file/debug/manifest-merger-blame-debug-report.txt
1<?xml version="1.0" encoding="utf-8"?>
2<manifest xmlns:amazon="http://schemas.amazon.com/apk/res/android"
3    xmlns:android="http://schemas.android.com/apk/res/android"
4    package="capacitor.android.plugins" >
5
6    <uses-sdk
7        android:minSdkVersion="22"
7-->src\main\AndroidManifest.xml
8        android:targetSdkVersion="32" />
8-->src\main\AndroidManifest.xml
9
10    <uses-permission android:name="android.permission.INTERNET" />
10-->src\main\AndroidManifest.xml:8:1-62
10-->src\main\AndroidManifest.xml:8:18-60
11    <uses-permission android:name="android.permission.ACCESS_NETWORK_STATE" />
11-->src\main\AndroidManifest.xml:9:1-74
11-->src\main\AndroidManifest.xml:9:18-72
12    <uses-permission android:name="android.permission.WRITE_EXTERNAL_STORAGE" />
12-->src\main\AndroidManifest.xml:10:1-76
12-->src\main\AndroidManifest.xml:10:18-74
13    <uses-permission android:name="android.permission.ACCESS_COARSE_LOCATION" />
13-->src\main\AndroidManifest.xml:11:1-76
13-->src\main\AndroidManifest.xml:11:18-74
14    <uses-permission android:name="android.permission.ACCESS_FINE_LOCATION" />
14-->src\main\AndroidManifest.xml:12:1-74
14-->src\main\AndroidManifest.xml:12:18-72
15
16    <uses-feature
16-->src\main\AndroidManifest.xml:13:1-85
17        android:name="android.hardware.location.gps"
17-->src\main\AndroidManifest.xml:13:15-59
18        android:required="true" />
18-->src\main\AndroidManifest.xml:13:60-83
19
20    <application>
20-->src\main\AndroidManifest.xml:5:1-7:15
21    </application>
22
23</manifest>